[handleMsg]:  {
  key: {
    remoteJid: '584243279609@s.whatsapp.net',
    fromMe: false,
    id: '59C9A02A787EBE9541CBB32A0654EBC2',
    participant: undefined
  },
  messageTimestamp: 1719169852,
  pushName: 'Mamg Agency',
  broadcast: false,
  message: Message {
    conversation: 'Hola',
    messageContextInfo: MessageContextInfo {
      deviceListMetadata: [DeviceListMetadata],
      deviceListMetadataVersion: 2
    }
  },
  verifiedBizName: 'Mamg Agency',
  body: 'Hola',
  from: '584243279609'
}
[QUEUE_SE_ENVIO]:  {
  ref: 'ans_3a239e7f-e422-493a-aaf5-8847f8c8e1b9',
  keyword: 'key_e93ea530-6487-499c-9961-24dbc3d7c0d1',
  answer: '👋Hola , gracias por comunicarte con nuestra Limitless Agency✨ \n' +
    'Soy el Sr. Bot🤖, tu asistente virtual. Por favor indícame qué es lo que deseas hacer, escribe y te ayudaré.\n' +
    ' \n' +
    '👉 *Ventas* para ver los Servicios y Precios\n' +
    '👉 *Soporte*  Si tienes un problema con algun servicio en linea\n' +
    '👉 *Hablar con un asesor* si deseas agendar una reunion',
  options: {
    media: 'https://chatbot.limitless-agency.online/300x400.png',
    buttons: [],
    capture: false,
    child: null,
    delay: 0,
    idle: null,
    ref: null,
    nested: [ [Object], [Object], [Object], [Object], [Object], [Object] ],
    keyword: {},
    callback: false
  },
  refSerialize: 'a262a1dd5cf12590a0aac81f1b7871e4'
}
[handleMsg]:  {
  key: {
    remoteJid: '584243279609@s.whatsapp.net',
    fromMe: false,
    id: '322F40314498CF6B05B946213DD5D016',
    participant: undefined
  },
  messageTimestamp: 1719169869,
  pushName: 'Mamg Agency',
  broadcast: false,
  message: Message {
    conversation: 'Ventas',
    messageContextInfo: MessageContextInfo {
      deviceListMetadata: [DeviceListMetadata],
      deviceListMetadataVersion: 2
    }
  },
  body: 'Ventas',
  from: '584243279609'
}
[QUEUE_SE_ENVIO]:  {
  ref: 'ans_2264c16e-4261-4b51-a71c-7db08267eaa9',
  answer: '📄 Ya está en el área de ventas, nuestro equipo se pondrá en contacto con usted a la brevedad. Mientras tanto, puedes elegir entre las siguientes opciones:\n' +
    ' \n' +
    '**Servicios** - Me gustaría ver el catalogo o servicios\n' +
    '**Propuesta** - Me interesa una propuesta comercial\n' +
    ' \n' +
    '**Menu** - Volver al menú principal',
  keyword: 'key_ebcc14d8-985e-4e34-acd4-5dccf2732ad1',
  options: {
    ref: null,
    idle: null,
    child: null,
    delay: 0,
    media: null,
    nested: [ [Object], [Object], [Object], [Object] ],
    buttons: [],
    capture: false,
    keyword: {},
    callback: false
  },
  refSerialize: 'a7cc3a580ae40b4488b5bacd7c62c935'
}
[handleMsg]:  {
  key: {
    remoteJid: '584243279609@s.whatsapp.net',
    fromMe: false,
    id: '13556C0D645DFBB09D363B87FCFA2379',
    participant: undefined
  },
  messageTimestamp: 1719169887,
  pushName: 'Mamg Agency',
  broadcast: false,
  message: Message {
    conversation: 'Servicio',
    messageContextInfo: MessageContextInfo {
      deviceListMetadata: [DeviceListMetadata],
      deviceListMetadataVersion: 2
    }
  },
  body: 'Servicio',
  from: '584243279609'
}
[QUEUE_SE_ENVIO]:  {
  ref: 'ans_91715816-389d-49d6-bb65-c4695555a300',
  answer: '📄 Aquí',
  keyword: 'key_7ddc82e6-8cf0-4b74-850f-538f7b736c42',
  options: {
    ref: null,
    idle: null,
    child: null,
    delay: 0,
    media: 'https://chatbot.limitless-agency.online/Servicios-LimitlessAgency.pdf',
    nested: [],
    buttons: [],
    capture: false,
    keyword: {},
    callback: false
  },
  refSerialize: '2b4e4e4e9132f8c82244dd5c8defda0f'
}
[QUEUE_SE_ENVIO]:  {
  ref: 'ans_7aac289a-74a1-457f-8104-6b9ba991608b',
  answer: '📄 Aquí tienes un PDF para ver los precios de mis servicios',
  keyword: 'ans_91715816-389d-49d6-bb65-c4695555a300',
  options: {
    ref: null,
    idle: null,
    child: null,
    delay: 0,
    media: null,
    nested: [],
    buttons: [],
    capture: false,
    keyword: {},
    callback: false
  },
  refSerialize: '8453ea7ffa4189dd5a81f957f72d9836'
}
[QUEUE_SE_ENVIO]:  {
  ref: 'ans_4adda0ca-4f2a-4eb2-8ad3-21aaa2b868fb',
  answer: 'Puede realizar culquier pregunta\n**Menu** - Volver al menú principal',
  keyword: 'ans_7aac289a-74a1-457f-8104-6b9ba991608b',
  options: {
    ref: null,
    idle: null,
    child: null,
    delay: 0,
    media: null,
    nested: [],
    buttons: [],
    capture: false,
    keyword: {},
    callback: false
  },
  refSerialize: '4997879a18eed6976d31b5c7d795fb55'
}
